<?xml version="1.0" encoding="UTF-8"?>
<!-- Generated by org.testng.reporters.JUnitXMLReporter -->
<testsuite ignored="0" hostname="DESKTOP-7JC2SGC" failures="0" tests="5" name="Default test" time="12.251" errors="0" timestamp="2025-05-09T14:47:08 IST">
  <testcase classname="testBooking_api.TestBooking" name="getToken" time="3.594"/>
  <testcase classname="testBooking_api.TestBooking" name="createBooking_Test" time="2.303"/>
  <testcase classname="testBooking_api.TestBooking" name="getBooking_Test" time="2.019"/>
  <testcase classname="testBooking_api.TestBooking" name="updateBooking_Test" time="2.069"/>
  <testcase classname="testBooking_api.TestBooking" name="deleteBooking_Test" time="2.225"/>
</testsuite> <!-- Default test -->
