<?xml version="1.0" encoding="UTF-8"?>
<testng-results ignored="0" total="4" passed="4" failed="0" skipped="0">
  <reporter-output>
  </reporter-output>
  <suite started-at="2025-05-01T22:00:22 IST" name="Default suite" finished-at="2025-05-01T22:00:24 IST" duration-ms="2578">
    <groups>
    </groups>
    <test started-at="2025-05-01T22:00:22 IST" name="Default test" finished-at="2025-05-01T22:00:24 IST" duration-ms="2578">
      <class name="api.test.MyTest">
        <test-method is-config="true" signature="start()[pri:0, instance:api.test.MyTest@75d4a5c2]" started-at="2025-05-01T22:00:22 IST" name="start" finished-at="2025-05-01T22:00:22 IST" duration-ms="243" status="PASS">
          <reporter-output>
          </reporter-output>
        </test-method> <!-- start -->
        <test-method signature="postTest()[pri:1, instance:api.test.MyTest@75d4a5c2]" started-at="2025-05-01T22:00:22 IST" name="postTest" finished-at="2025-05-01T22:00:24 IST" duration-ms="2176" status="PASS">
          <reporter-output>
          </reporter-output>
        </test-method> <!-- postTest -->
        <test-method signature="getTest()[pri:2, instance:api.test.MyTest@75d4a5c2]" started-at="2025-05-01T22:00:24 IST" name="getTest" finished-at="2025-05-01T22:00:24 IST" duration-ms="32" status="PASS">
          <reporter-output>
          </reporter-output>
        </test-method> <!-- getTest -->
        <test-method signature="putTest()[pri:3, instance:api.test.MyTest@75d4a5c2]" started-at="2025-05-01T22:00:24 IST" name="putTest" finished-at="2025-05-01T22:00:24 IST" duration-ms="36" status="PASS">
          <reporter-output>
          </reporter-output>
        </test-method> <!-- putTest -->
        <test-method signature="deleteTest()[pri:4, instance:api.test.MyTest@75d4a5c2]" started-at="2025-05-01T22:00:24 IST" name="deleteTest" finished-at="2025-05-01T22:00:24 IST" duration-ms="25" status="PASS">
          <reporter-output>
          </reporter-output>
        </test-method> <!-- deleteTest -->
      </class> <!-- api.test.MyTest -->
    </test> <!-- Default test -->
  </suite> <!-- Default suite -->
</testng-results>
