<?xml version="1.0" encoding="UTF-8"?>
<!-- Generated by org.testng.reporters.JUnitXMLReporter -->
<testsuite ignored="0" hostname="DESKTOP-7JC2SGC" failures="0" tests="5" name="Test" time="13.947" errors="0" timestamp="2025-05-09T14:47:29 IST">
  <testcase classname="testBooking_api.TestBooking" name="getToken" time="3.643"/>
  <testcase classname="testBooking_api.TestBooking" name="createBooking_Test" time="2.9"/>
  <testcase classname="testBooking_api.TestBooking" name="getBooking_Test" time="2.423"/>
  <testcase classname="testBooking_api.TestBooking" name="updateBooking_Test" time="2.354"/>
  <testcase classname="testBooking_api.TestBooking" name="deleteBooking_Test" time="2.351"/>
</testsuite> <!-- Test -->
