<?xml version="1.0" encoding="UTF-8"?>
<!-- Generated by org.testng.reporters.JUnitXMLReporter -->
<testsuite ignored="0" hostname="DESKTOP-7JC2SGC" failures="1" tests="4" name="Test" time="7.754" errors="0" timestamp="2025-04-30T20:09:36 IST">
  <testcase classname="api.test.UserTest" name="testPostUser" time="4.528"/>
  <testcase classname="api.test.UserTest" name="testGetUser" time="2.645">
    <failure type="java.lang.AssertionError" message="expected [200] but found [404]">
      <![CDATA[java.lang.AssertionError: expected [200] but found [404]
at api.test.UserTest.testGetUser(UserTest.java:54)
at java.base/java.util.ArrayList.forEach(ArrayList.java:1511)
... Removed 34 stack frames]]>
    </failure>
  </testcase> <!-- testGetUser -->
  <testcase classname="api.test.UserTest" name="testPutUser" time="0.0">
    <skipped/>
  </testcase> <!-- testPutUser -->
  <testcase classname="api.test.UserTest" name="testDeleteUser" time="0.0">
    <skipped/>
  </testcase> <!-- testDeleteUser -->
</testsuite> <!-- Test -->
