<?xml version="1.0" encoding="UTF-8"?>
<testng-results ignored="0" total="5" passed="5" failed="0" skipped="0">
  <reporter-output>
  </reporter-output>
  <suite started-at="2025-05-09T14:47:15 IST" name="Suite" finished-at="2025-05-09T14:47:29 IST" duration-ms="13947">
    <groups>
    </groups>
    <test started-at="2025-05-09T14:47:15 IST" name="Test" finished-at="2025-05-09T14:47:29 IST" duration-ms="13947">
      <class name="testBooking_api.TestBooking">
        <test-method signature="getToken()[pri:0, instance:testBooking_api.TestBooking@4fb61f4a]" started-at="2025-05-09T14:47:16 IST" name="getToken" finished-at="2025-05-09T14:47:19 IST" duration-ms="3643" status="PASS">
          <reporter-output>
          </reporter-output>
        </test-method> <!-- getToken -->
        <test-method signature="createBooking_Test()[pri:1, instance:testBooking_api.TestBooking@4fb61f4a]" started-at="2025-05-09T14:47:19 IST" name="createBooking_Test" finished-at="2025-05-09T14:47:22 IST" duration-ms="2900" status="PASS">
          <reporter-output>
          </reporter-output>
        </test-method> <!-- createBooking_Test -->
        <test-method signature="getBooking_Test()[pri:2, instance:testBooking_api.TestBooking@4fb61f4a]" started-at="2025-05-09T14:47:22 IST" name="getBooking_Test" finished-at="2025-05-09T14:47:25 IST" duration-ms="2423" status="PASS">
          <reporter-output>
          </reporter-output>
        </test-method> <!-- getBooking_Test -->
        <test-method signature="updateBooking_Test()[pri:3, instance:testBooking_api.TestBooking@4fb61f4a]" started-at="2025-05-09T14:47:25 IST" name="updateBooking_Test" finished-at="2025-05-09T14:47:27 IST" duration-ms="2354" status="PASS">
          <reporter-output>
          </reporter-output>
        </test-method> <!-- updateBooking_Test -->
        <test-method signature="deleteBooking_Test()[pri:4, instance:testBooking_api.TestBooking@4fb61f4a]" started-at="2025-05-09T14:47:27 IST" name="deleteBooking_Test" finished-at="2025-05-09T14:47:29 IST" duration-ms="2351" status="PASS">
          <reporter-output>
          </reporter-output>
        </test-method> <!-- deleteBooking_Test -->
      </class> <!-- testBooking_api.TestBooking -->
    </test> <!-- Test -->
  </suite> <!-- Suite -->
</testng-results>
